<?xml version="1.0" encoding="UTF-8"?>
<!-- Generated by org.testng.reporters.JUnitXMLReporter -->
<testsuite ignored="1" hostname="DESKTOP-DLIAV7S" failures="0" tests="1" name="Default test" time="0.226" errors="0" timestamp="2024-01-24T10:53:27 IST">
  <testcase classname="NewPractice.NewPractice2Test" name="sample2Test" time="0.024"/>
  <testcase classname="NewPractice.NewPractice2Test" name="sample1Test" time="0.0">
    <ignored/>
  </testcase> <!-- sample1Test -->
</testsuite> <!-- Default test -->
