<?xml version="1.0" encoding="UTF-8"?>
<testng-results ignored="1" total="2" passed="1" failed="0" skipped="0">
  <reporter-output>
  </reporter-output>
  <suite started-at="2024-01-24T10:53:27 IST" name="Default suite" finished-at="2024-01-24T10:53:27 IST" duration-ms="226">
    <groups>
    </groups>
    <test started-at="2024-01-24T10:53:27 IST" name="Default test" finished-at="2024-01-24T10:53:27 IST" duration-ms="226">
      <class name="NewPractice.NewPractice2Test">
        <test-method signature="sample2Test()[pri:0, instance:NewPractice.NewPractice2Test@57a3af25]" started-at="2024-01-24T10:53:27 IST" name="sample2Test" finished-at="2024-01-24T10:53:27 IST" duration-ms="24" status="PASS">
          <reporter-output>
          </reporter-output>
        </test-method> <!-- sample2Test -->
      </class> <!-- NewPractice.NewPractice2Test -->
    </test> <!-- Default test -->
  </suite> <!-- Default suite -->
</testng-results>
